[root@centos7-lab1-1 linux-4.19.39]# cat /var/log/yum.log

May 05 10:21:17 Installed: libtool-ltdl-2.4.2-22.el7_3.x86_64
May 05 10:21:17 Installed: libxslt-1.1.28-5.el7.x86_64
May 05 10:21:17 Installed: xmlsec1-1.2.20-7.el7_4.x86_64
May 05 10:21:17 Installed: xmlsec1-openssl-1.2.20-7.el7_4.x86_64
May 05 10:21:17 Installed: pciutils-3.5.1-3.el7.x86_64
May 05 10:21:18 Installed: libdnet-1.12-13.1.el7.x86_64
May 05 10:21:18 Installed: libmspack-0.5-0.6.alpha.el7.x86_64
May 05 10:21:19 Installed: libicu-50.1.2-17.el7.x86_64
May 05 10:21:19 Installed: fuse-2.9.2-11.el7.x86_64
May 05 10:21:19 Installed: fuse-libs-2.9.2-11.el7.x86_64
May 05 10:21:19 Installed: open-vm-tools-10.2.5-3.el7.x86_64
May 05 10:32:35 Updated: libgcc-4.8.5-36.el7_6.2.x86_64
May 05 10:32:42 Updated: glibc-common-2.17-260.el7_6.4.x86_64
May 05 10:32:43 Updated: glibc-2.17-260.el7_6.4.x86_64
May 05 10:32:43 Installed: mpfr-3.1.1-4.el7.x86_64
May 05 10:32:43 Installed: libmpc-1.0.1-3.el7.x86_64
May 05 10:32:44 Installed: cpp-4.8.5-36.el7_6.2.x86_64
May 05 10:32:44 Updated: libgomp-4.8.5-36.el7_6.2.x86_64
May 05 10:32:46 Installed: kernel-headers-3.10.0-957.12.1.el7.x86_64
May 05 10:32:46 Installed: glibc-headers-2.17-260.el7_6.4.x86_64
May 05 10:32:47 Installed: glibc-devel-2.17-260.el7_6.4.x86_64
May 05 10:32:48 Installed: gcc-4.8.5-36.el7_6.2.x86_64
May 05 10:33:05 Installed: m4-1.4.16-10.el7.x86_64
May 05 10:33:06 Installed: bison-3.0.4-2.el7.x86_64
May 05 10:33:14 Installed: flex-2.5.37-6.el7.x86_64
May 05 10:36:08 Installed: bc-1.06.95-13.el7.x86_64
May 05 10:36:28 Installed: zlib-devel-1.2.7-18.el7.x86_64
May 05 10:36:28 Installed: elfutils-libelf-devel-0.172-2.el7.x86_64
May 05 10:36:48 Updated: 1:openssl-libs-1.0.2k-16.el7_6.1.x86_64
May 05 10:36:48 Updated: krb5-libs-1.15.1-37.el7_6.x86_64
May 05 10:36:48 Installed: libkadm5-1.15.1-37.el7_6.x86_64
May 05 10:36:48 Installed: libcom_err-devel-1.42.9-13.el7.x86_64
May 05 10:36:48 Installed: libsepol-devel-2.5-10.el7.x86_64
May 05 10:36:48 Installed: pcre-devel-8.32-17.el7.x86_64
May 05 10:36:48 Installed: libselinux-devel-2.5-14.1.el7.x86_64
May 05 10:36:49 Installed: libverto-devel-0.2.5-4.el7.x86_64
May 05 10:36:49 Installed: keyutils-libs-devel-1.5.8-3.el7.x86_64
May 05 10:36:49 Installed: krb5-devel-1.15.1-37.el7_6.x86_64
May 05 10:36:50 Installed: 1:openssl-devel-1.0.2k-16.el7_6.1.x86_64
May 05 10:36:50 Updated: 1:openssl-1.0.2k-16.el7_6.1.x86_64
May 05 16:07:21 Installed: 1:perl-parent-0.225-244.el7.noarch
May 05 16:07:21 Installed: perl-HTTP-Tiny-0.033-3.el7.noarch
May 05 16:07:21 Installed: perl-podlators-2.5.1-3.el7.noarch
May 05 16:07:21 Installed: perl-Pod-Perldoc-3.20-4.el7.noarch
May 05 16:07:21 Installed: 1:perl-Pod-Escapes-1.04-294.el7_6.noarch
May 05 16:07:21 Installed: perl-Text-ParseWords-3.29-4.el7.noarch
May 05 16:07:21 Installed: perl-Encode-2.51-7.el7.x86_64
May 05 16:07:21 Installed: perl-Pod-Usage-1.63-3.el7.noarch
May 05 16:07:22 Installed: 4:perl-libs-5.16.3-294.el7_6.x86_64
May 05 16:07:22 Installed: 4:perl-macros-5.16.3-294.el7_6.x86_64
May 05 16:07:22 Installed: perl-Storable-2.45-3.el7.x86_64
May 05 16:07:22 Installed: perl-Exporter-5.68-3.el7.noarch
May 05 16:07:22 Installed: perl-constant-1.27-2.el7.noarch
May 05 16:07:22 Installed: perl-Time-Local-1.2300-2.el7.noarch
May 05 16:07:22 Installed: perl-Carp-1.26-244.el7.noarch
May 05 16:07:22 Installed: 4:perl-Time-HiRes-1.9725-3.el7.x86_64
May 05 16:07:22 Installed: perl-PathTools-3.40-5.el7.x86_64
May 05 16:07:22 Installed: perl-Scalar-List-Utils-1.27-248.el7.x86_64
May 05 16:07:22 Installed: perl-File-Temp-0.23.01-3.el7.noarch
May 05 16:07:22 Installed: perl-File-Path-2.09-2.el7.noarch
May 05 16:07:22 Installed: perl-threads-shared-1.43-6.el7.x86_64
May 05 16:07:22 Installed: perl-threads-1.87-4.el7.x86_64
May 05 16:07:22 Installed: perl-Filter-1.49-3.el7.x86_64
May 05 16:07:22 Installed: perl-Socket-2.010-4.el7.x86_64
May 05 16:07:22 Installed: 1:perl-Pod-Simple-3.28-4.el7.noarch
May 05 16:07:22 Installed: perl-Getopt-Long-2.40-3.el7.noarch
May 05 16:07:24 Installed: 4:perl-5.16.3-294.el7_6.x86_64
